<?xml version="1.0" encoding="UTF-8"?>
<testng-results ignored="0" total="5" passed="5" failed="0" skipped="0">
  <reporter-output>
  </reporter-output>
  <suite started-at="2023-03-13T08:48:51 PDT" name="frameworkapi" finished-at="2023-03-13T08:49:23 PDT" duration-ms="31703">
    <groups>
    </groups>
    <test started-at="2023-03-13T08:48:51 PDT" name="tekarch" finished-at="2023-03-13T08:49:23 PDT" duration-ms="31703">
      <class name="com.tekarch.frameworkapi.tests.DeleteDataTest">
        <test-method is-config="true" signature="init()[pri:0, instance:com.tekarch.frameworkapi.tests.DeleteDataTest@36916eb0]" started-at="2023-03-13T08:49:20 PDT" name="init" finished-at="2023-03-13T08:49:20 PDT" duration-ms="0" status="PASS">
          <reporter-output>
          </reporter-output>
        </test-method> <!-- init -->
        <test-method signature="deleteUserData()[pri:0, instance:com.tekarch.frameworkapi.tests.DeleteDataTest@36916eb0]" started-at="2023-03-13T08:49:20 PDT" name="deleteUserData" finished-at="2023-03-13T08:49:23 PDT" duration-ms="3238" status="PASS">
          <reporter-output>
          </reporter-output>
        </test-method> <!-- deleteUserData -->
      </class> <!-- com.tekarch.frameworkapi.tests.DeleteDataTest -->
      <class name="com.tekarch.frameworkapi.tests.GetDataTest">
        <test-method is-config="true" signature="init()[pri:0, instance:com.tekarch.frameworkapi.tests.GetDataTest@66f57048]" started-at="2023-03-13T08:48:55 PDT" name="init" finished-at="2023-03-13T08:48:55 PDT" duration-ms="1" status="PASS">
          <reporter-output>
          </reporter-output>
        </test-method> <!-- init -->
        <test-method signature="getUserData()[pri:0, instance:com.tekarch.frameworkapi.tests.GetDataTest@66f57048]" started-at="2023-03-13T08:48:55 PDT" name="getUserData" finished-at="2023-03-13T08:49:15 PDT" duration-ms="20086" status="PASS">
          <reporter-output>
          </reporter-output>
        </test-method> <!-- getUserData -->
      </class> <!-- com.tekarch.frameworkapi.tests.GetDataTest -->
      <class name="com.tekarch.frameworkapi.tests.LoginTest">
        <test-method is-config="true" signature="init()[pri:0, instance:com.tekarch.frameworkapi.tests.LoginTest@53ce1329]" started-at="2023-03-13T08:48:51 PDT" name="init" finished-at="2023-03-13T08:48:52 PDT" duration-ms="808" status="PASS">
          <reporter-output>
          </reporter-output>
        </test-method> <!-- init -->
        <test-method signature="logintoApi()[pri:0, instance:com.tekarch.frameworkapi.tests.LoginTest@53ce1329]" started-at="2023-03-13T08:48:52 PDT" name="logintoApi" finished-at="2023-03-13T08:48:55 PDT" duration-ms="3028" status="PASS">
          <reporter-output>
          </reporter-output>
        </test-method> <!-- logintoApi -->
      </class> <!-- com.tekarch.frameworkapi.tests.LoginTest -->
      <class name="com.tekarch.frameworkapi.tests.UpdateDataTest">
        <test-method is-config="true" signature="init()[pri:0, instance:com.tekarch.frameworkapi.tests.UpdateDataTest@21282ed8]" started-at="2023-03-13T08:49:16 PDT" name="init" finished-at="2023-03-13T08:49:16 PDT" duration-ms="2" status="PASS">
          <reporter-output>
          </reporter-output>
        </test-method> <!-- init -->
        <test-method signature="updateUserData()[pri:0, instance:com.tekarch.frameworkapi.tests.UpdateDataTest@21282ed8]" started-at="2023-03-13T08:49:16 PDT" name="updateUserData" finished-at="2023-03-13T08:49:20 PDT" duration-ms="3462" status="PASS">
          <reporter-output>
          </reporter-output>
        </test-method> <!-- updateUserData -->
      </class> <!-- com.tekarch.frameworkapi.tests.UpdateDataTest -->
      <class name="com.tekarch.frameworkapi.tests.CreateDataTest">
        <test-method is-config="true" signature="init()[pri:0, instance:com.tekarch.frameworkapi.tests.CreateDataTest@550dbc7a]" started-at="2023-03-13T08:49:15 PDT" name="init" finished-at="2023-03-13T08:49:15 PDT" duration-ms="1" status="PASS">
          <reporter-output>
          </reporter-output>
        </test-method> <!-- init -->
        <test-method signature="addUserData()[pri:0, instance:com.tekarch.frameworkapi.tests.CreateDataTest@550dbc7a]" started-at="2023-03-13T08:49:15 PDT" name="addUserData" finished-at="2023-03-13T08:49:16 PDT" duration-ms="1002" status="PASS">
          <reporter-output>
          </reporter-output>
        </test-method> <!-- addUserData -->
      </class> <!-- com.tekarch.frameworkapi.tests.CreateDataTest -->
    </test> <!-- tekarch -->
  </suite> <!-- frameworkapi -->
</testng-results>
