<?xml version="1.0" encoding="UTF-8"?>
<testng-results ignored="0" total="1" passed="1" failed="0" skipped="0">
  <reporter-output>
  </reporter-output>
  <suite started-at="2023-03-12T23:50:37 PDT" name="Default suite" finished-at="2023-03-12T23:50:44 PDT" duration-ms="6569">
    <groups>
    </groups>
    <test started-at="2023-03-12T23:50:37 PDT" name="Default test" finished-at="2023-03-12T23:50:44 PDT" duration-ms="6569">
      <class name="com.tekarch.frameworkapi.tests.DeleteDataTest">
        <test-method is-config="true" signature="init()[pri:0, instance:com.tekarch.frameworkapi.tests.DeleteDataTest@3c7f66c4]" started-at="2023-03-12T23:50:37 PDT" name="init" finished-at="2023-03-12T23:50:38 PDT" duration-ms="833" status="PASS">
          <reporter-output>
          </reporter-output>
        </test-method> <!-- init -->
        <test-method signature="deleteUserData()[pri:0, instance:com.tekarch.frameworkapi.tests.DeleteDataTest@3c7f66c4]" started-at="2023-03-12T23:50:38 PDT" name="deleteUserData" finished-at="2023-03-12T23:50:44 PDT" duration-ms="5683" status="PASS">
          <reporter-output>
          </reporter-output>
        </test-method> <!-- deleteUserData -->
      </class> <!-- com.tekarch.frameworkapi.tests.DeleteDataTest -->
    </test> <!-- Default test -->
  </suite> <!-- Default suite -->
</testng-results>
