<?xml version="1.0" encoding="UTF-8"?>
<!-- Generated by org.testng.reporters.JUnitXMLReporter -->
<testsuite ignored="0" hostname="LAPTOP-NKSJN1CU" failures="0" tests="5" name="Test" time="59.39" errors="0" timestamp="2023-02-19T23:26:58 PST">
  <testcase classname="org.tekarch.SalesForceTests.SFDCLoginTests" name="errorLoginEmptyPassword" time="7.002"/>
  <testcase classname="org.tekarch.SalesForceTests.SFDCLoginTests" name="errorLoginWrongInputs" time="2.142"/>
  <testcase classname="org.tekarch.SalesForceTests.SFDCLoginTests" name="forgotPasswordCheck" time="8.839"/>
  <testcase classname="org.tekarch.SalesForceTests.SFDCLoginTests" name="login" time="9.992"/>
  <testcase classname="org.tekarch.SalesForceTests.SFDCLoginTests" name="rememberUserNameCheck" time="10.943"/>
</testsuite> <!-- Test -->
