<?xml version="1.0" encoding="UTF-8"?>
<!-- Generated by org.testng.reporters.JUnitXMLReporter -->
<testsuite ignored="0" hostname="LAPTOP-NKSJN1CU" failures="0" tests="5" name="tekarch" time="31.703" errors="0" timestamp="2023-03-13T08:49:23 PDT">
  <testcase classname="com.tekarch.frameworkapi.tests.LoginTest" name="logintoApi" time="3.028"/>
  <testcase classname="com.tekarch.frameworkapi.tests.GetDataTest" name="getUserData" time="20.086"/>
  <testcase classname="com.tekarch.frameworkapi.tests.CreateDataTest" name="addUserData" time="1.002"/>
  <testcase classname="com.tekarch.frameworkapi.tests.UpdateDataTest" name="updateUserData" time="3.462"/>
  <testcase classname="com.tekarch.frameworkapi.tests.DeleteDataTest" name="deleteUserData" time="3.238"/>
</testsuite> <!-- tekarch -->
