<?xml version="1.0" encoding="UTF-8"?>
<testng-results ignored="0" total="5" passed="5" failed="0" skipped="0">
  <reporter-output>
  </reporter-output>
  <suite started-at="2023-02-19T23:25:59 PST" name="Suite" finished-at="2023-02-19T23:26:58 PST" duration-ms="59390">
    <groups>
    </groups>
    <test started-at="2023-02-19T23:25:59 PST" name="Test" finished-at="2023-02-19T23:26:58 PST" duration-ms="59390">
      <class name="org.tekarch.SalesForceTests.SFDCLoginTests">
        <test-method is-config="true" signature="setUpBeforeTest()[pri:0, instance:org.tekarch.SalesForceTests.SFDCLoginTests@1b11171f]" started-at="2023-02-19T23:25:59 PST" name="setUpBeforeTest" finished-at="2023-02-19T23:26:00 PST" duration-ms="880" status="PASS">
          <reporter-output>
          </reporter-output>
        </test-method> <!-- setUpBeforeTest -->
        <test-method is-config="true" signature="setupBeforeTestMethod(java.lang.String,java.lang.reflect.Method)[pri:0, instance:org.tekarch.SalesForceTests.SFDCLoginTests@1b11171f]" started-at="2023-02-19T23:26:00 PST" name="setupBeforeTestMethod" finished-at="2023-02-19T23:26:04 PST" duration-ms="4041" status="PASS">
          <params>
            <param index="0">
              <value>
                <![CDATA[chrome]]>
              </value>
            </param>
            <param index="1">
              <value>
                <![CDATA[public void org.tekarch.SalesForceTests.SFDCLoginTests.errorLoginEmptyPassword() throws java.lang.Exception]]>
              </value>
            </param>
          </params>
          <reporter-output>
          </reporter-output>
        </test-method> <!-- setupBeforeTestMethod -->
        <test-method signature="errorLoginEmptyPassword()[pri:0, instance:org.tekarch.SalesForceTests.SFDCLoginTests@1b11171f]" started-at="2023-02-19T23:26:04 PST" name="errorLoginEmptyPassword" finished-at="2023-02-19T23:26:11 PST" duration-ms="7002" status="PASS">
          <reporter-output>
          </reporter-output>
        </test-method> <!-- errorLoginEmptyPassword -->
        <test-method is-config="true" signature="teardownAftetrTestMethod()[pri:0, instance:org.tekarch.SalesForceTests.SFDCLoginTests@1b11171f]" started-at="2023-02-19T23:26:11 PST" name="teardownAftetrTestMethod" finished-at="2023-02-19T23:26:12 PST" duration-ms="430" status="PASS">
          <reporter-output>
          </reporter-output>
        </test-method> <!-- teardownAftetrTestMethod -->
        <test-method is-config="true" signature="setupBeforeTestMethod(java.lang.String,java.lang.reflect.Method)[pri:0, instance:org.tekarch.SalesForceTests.SFDCLoginTests@1b11171f]" started-at="2023-02-19T23:26:12 PST" name="setupBeforeTestMethod" finished-at="2023-02-19T23:26:15 PST" duration-ms="2889" status="PASS">
          <params>
            <param index="0">
              <value>
                <![CDATA[chrome]]>
              </value>
            </param>
            <param index="1">
              <value>
                <![CDATA[public void org.tekarch.SalesForceTests.SFDCLoginTests.errorLoginWrongInputs() throws java.lang.Exception]]>
              </value>
            </param>
          </params>
          <reporter-output>
          </reporter-output>
        </test-method> <!-- setupBeforeTestMethod -->
        <test-method signature="errorLoginWrongInputs()[pri:0, instance:org.tekarch.SalesForceTests.SFDCLoginTests@1b11171f]" started-at="2023-02-19T23:26:15 PST" name="errorLoginWrongInputs" finished-at="2023-02-19T23:26:17 PST" duration-ms="2142" status="PASS">
          <reporter-output>
          </reporter-output>
        </test-method> <!-- errorLoginWrongInputs -->
        <test-method is-config="true" signature="teardownAftetrTestMethod()[pri:0, instance:org.tekarch.SalesForceTests.SFDCLoginTests@1b11171f]" started-at="2023-02-19T23:26:17 PST" name="teardownAftetrTestMethod" finished-at="2023-02-19T23:26:17 PST" duration-ms="338" status="PASS">
          <reporter-output>
          </reporter-output>
        </test-method> <!-- teardownAftetrTestMethod -->
        <test-method is-config="true" signature="setupBeforeTestMethod(java.lang.String,java.lang.reflect.Method)[pri:0, instance:org.tekarch.SalesForceTests.SFDCLoginTests@1b11171f]" started-at="2023-02-19T23:26:17 PST" name="setupBeforeTestMethod" finished-at="2023-02-19T23:26:20 PST" duration-ms="2724" status="PASS">
          <params>
            <param index="0">
              <value>
                <![CDATA[chrome]]>
              </value>
            </param>
            <param index="1">
              <value>
                <![CDATA[public void org.tekarch.SalesForceTests.SFDCLoginTests.forgotPasswordCheck() throws java.lang.Exception]]>
              </value>
            </param>
          </params>
          <reporter-output>
          </reporter-output>
        </test-method> <!-- setupBeforeTestMethod -->
        <test-method signature="forgotPasswordCheck()[pri:0, instance:org.tekarch.SalesForceTests.SFDCLoginTests@1b11171f]" started-at="2023-02-19T23:26:20 PST" name="forgotPasswordCheck" finished-at="2023-02-19T23:26:29 PST" duration-ms="8839" status="PASS">
          <reporter-output>
          </reporter-output>
        </test-method> <!-- forgotPasswordCheck -->
        <test-method is-config="true" signature="teardownAftetrTestMethod()[pri:0, instance:org.tekarch.SalesForceTests.SFDCLoginTests@1b11171f]" started-at="2023-02-19T23:26:29 PST" name="teardownAftetrTestMethod" finished-at="2023-02-19T23:26:29 PST" duration-ms="322" status="PASS">
          <reporter-output>
          </reporter-output>
        </test-method> <!-- teardownAftetrTestMethod -->
        <test-method is-config="true" signature="setupBeforeTestMethod(java.lang.String,java.lang.reflect.Method)[pri:0, instance:org.tekarch.SalesForceTests.SFDCLoginTests@1b11171f]" started-at="2023-02-19T23:26:29 PST" name="setupBeforeTestMethod" finished-at="2023-02-19T23:26:32 PST" duration-ms="3191" status="PASS">
          <params>
            <param index="0">
              <value>
                <![CDATA[chrome]]>
              </value>
            </param>
            <param index="1">
              <value>
                <![CDATA[public void org.tekarch.SalesForceTests.SFDCLoginTests.login() throws java.lang.Exception]]>
              </value>
            </param>
          </params>
          <reporter-output>
          </reporter-output>
        </test-method> <!-- setupBeforeTestMethod -->
        <test-method signature="login()[pri:0, instance:org.tekarch.SalesForceTests.SFDCLoginTests@1b11171f]" started-at="2023-02-19T23:26:32 PST" name="login" finished-at="2023-02-19T23:26:42 PST" duration-ms="9992" status="PASS">
          <reporter-output>
          </reporter-output>
        </test-method> <!-- login -->
        <test-method is-config="true" signature="teardownAftetrTestMethod()[pri:0, instance:org.tekarch.SalesForceTests.SFDCLoginTests@1b11171f]" started-at="2023-02-19T23:26:42 PST" name="teardownAftetrTestMethod" finished-at="2023-02-19T23:26:43 PST" duration-ms="595" status="PASS">
          <reporter-output>
          </reporter-output>
        </test-method> <!-- teardownAftetrTestMethod -->
        <test-method is-config="true" signature="setupBeforeTestMethod(java.lang.String,java.lang.reflect.Method)[pri:0, instance:org.tekarch.SalesForceTests.SFDCLoginTests@1b11171f]" started-at="2023-02-19T23:26:43 PST" name="setupBeforeTestMethod" finished-at="2023-02-19T23:26:46 PST" duration-ms="3437" status="PASS">
          <params>
            <param index="0">
              <value>
                <![CDATA[chrome]]>
              </value>
            </param>
            <param index="1">
              <value>
                <![CDATA[public void org.tekarch.SalesForceTests.SFDCLoginTests.rememberUserNameCheck() throws java.lang.Exception]]>
              </value>
            </param>
          </params>
          <reporter-output>
          </reporter-output>
        </test-method> <!-- setupBeforeTestMethod -->
        <test-method signature="rememberUserNameCheck()[pri:0, instance:org.tekarch.SalesForceTests.SFDCLoginTests@1b11171f]" started-at="2023-02-19T23:26:46 PST" name="rememberUserNameCheck" finished-at="2023-02-19T23:26:57 PST" duration-ms="10943" status="PASS">
          <reporter-output>
          </reporter-output>
        </test-method> <!-- rememberUserNameCheck -->
        <test-method is-config="true" signature="teardownAftetrTestMethod()[pri:0, instance:org.tekarch.SalesForceTests.SFDCLoginTests@1b11171f]" started-at="2023-02-19T23:26:57 PST" name="teardownAftetrTestMethod" finished-at="2023-02-19T23:26:57 PST" duration-ms="326" status="PASS">
          <reporter-output>
          </reporter-output>
        </test-method> <!-- teardownAftetrTestMethod -->
        <test-method is-config="true" signature="teardownAfterTest()[pri:0, instance:org.tekarch.SalesForceTests.SFDCLoginTests@1b11171f]" started-at="2023-02-19T23:26:57 PST" name="teardownAfterTest" finished-at="2023-02-19T23:26:58 PST" duration-ms="713" status="PASS">
          <reporter-output>
          </reporter-output>
        </test-method> <!-- teardownAfterTest -->
      </class> <!-- org.tekarch.SalesForceTests.SFDCLoginTests -->
    </test> <!-- Test -->
  </suite> <!-- Suite -->
</testng-results>
