<?xml version="1.0" encoding="UTF-8"?>
<!-- Generated by org.testng.reporters.JUnitXMLReporter -->
<testsuite ignored="4" hostname="LAPTOP-NKSJN1CU" failures="0" tests="1" name="Default test" time="9.474" errors="0" timestamp="2023-02-19T23:18:52 PST">
  <testcase classname="org.tekarch.SalesForceTests.SFDCLoginTests" name="errorLoginWrongInputs" time="2.792"/>
  <testcase classname="org.tekarch.SalesForceTests.SFDCLoginTests" name="errorLoginEmptyPassword" time="0.0">
    <ignored/>
  </testcase> <!-- errorLoginEmptyPassword -->
  <testcase classname="org.tekarch.SalesForceTests.SFDCLoginTests" name="forgotPasswordCheck" time="0.0">
    <ignored/>
  </testcase> <!-- forgotPasswordCheck -->
  <testcase classname="org.tekarch.SalesForceTests.SFDCLoginTests" name="rememberUserNameCheck" time="0.0">
    <ignored/>
  </testcase> <!-- rememberUserNameCheck -->
  <testcase classname="org.tekarch.SalesForceTests.SFDCLoginTests" name="login" time="0.0">
    <ignored/>
  </testcase> <!-- login -->
</testsuite> <!-- Default test -->
