<?xml version="1.0" encoding="UTF-8"?>
<!-- Generated by org.testng.reporters.JUnitXMLReporter -->
<testsuite ignored="4" hostname="LAPTOP-NKSJN1CU" failures="0" tests="1" name="Default test" time="29.241" errors="0" timestamp="2023-02-17T22:24:43 PST">
  <testcase classname="org.tekarch.SalesForceTests.RandomScenariosTests" name="eventBlockWeeklyRecurrence" time="22.975"/>
  <testcase classname="org.tekarch.SalesForceTests.RandomScenariosTests" name="firstLastName" time="0.0">
    <ignored/>
  </testcase> <!-- firstLastName -->
  <testcase classname="org.tekarch.SalesForceTests.RandomScenariosTests" name="firstNameLastNameVerify" time="0.0">
    <ignored/>
  </testcase> <!-- firstNameLastNameVerify -->
  <testcase classname="org.tekarch.SalesForceTests.RandomScenariosTests" name="eventBlock" time="0.0">
    <ignored/>
  </testcase> <!-- eventBlock -->
  <testcase classname="org.tekarch.SalesForceTests.RandomScenariosTests" name="verifyTabCustomization" time="0.0">
    <ignored/>
  </testcase> <!-- verifyTabCustomization -->
</testsuite> <!-- Default test -->
